
Currently Loaded Modules:
  1) centos7/current   3) openmpi/3.1         5) matlab/R2019b-v2
  2) intel/18.0        4) MARCC/summer-2018

                            < M A T L A B (R) >
                  Copyright 1984-2019 The MathWorks, Inc.
                  R2019b (9.7.0.1190202) 64-bit (glnxa64)
                              August 21, 2019

 
For online documentation, see https://www.mathworks.com/support
For product information, visit www.mathworks.com.
 
Elapsed time is 3.293032 seconds.
Patient No. 58 initiated.
Elapsed time is 37.063112 seconds.
Additional Day Detected for Current Sensor
Additional Day Detected for Current Sensor
Additional Day Detected for Current Sensor
Additional Day Detected for Current Sensor
Additional Day Detected for Current Sensor
Additional Day Detected for Current Sensor
Additional Day Detected for Current Sensor
Elapsed time is 77.291385 seconds.
Patient No. 58 completed.
Elapsed time is 953.556385 seconds.
Patient No. 66 initiated.
Elapsed time is 34.822376 seconds.
Additional Day Detected for Current Sensor
Additional Day Detected for Current Sensor
Additional Day Detected for Current Sensor
Additional Day Detected for Current Sensor
Additional Day Detected for Current Sensor
Additional Day Detected for Current Sensor
Additional Day Detected for Current Sensor
Elapsed time is 70.139285 seconds.
Patient No. 66 completed.
Elapsed time is 929.581510 seconds.
Patient No. 69 initiated.
Elapsed time is 35.235790 seconds.
Additional Day Detected for Current Sensor
Additional Day Detected for Current Sensor
Additional Day Detected for Current Sensor
Additional Day Detected for Current Sensor
Additional Day Detected for Current Sensor
Additional Day Detected for Current Sensor
Additional Day Detected for Current Sensor
Elapsed time is 69.357831 seconds.
Patient No. 69 completed.
Elapsed time is 913.441223 seconds.
Patient No. 70 initiated.
Elapsed time is 39.968430 seconds.
Additional Day Detected for Current Sensor
Additional Day Detected for Current Sensor
Additional Day Detected for Current Sensor
Additional Day Detected for Current Sensor
Additional Day Detected for Current Sensor
Additional Day Detected for Current Sensor
Additional Day Detected for Current Sensor
Elapsed time is 73.041516 seconds.
Patient No. 70 completed.
Elapsed time is 942.573760 seconds.
Patient No. 71 initiated.
Elapsed time is 35.221721 seconds.
Additional Day Detected for Current Sensor
Additional Day Detected for Current Sensor
Additional Day Detected for Current Sensor
Additional Day Detected for Current Sensor
Additional Day Detected for Current Sensor
Additional Day Detected for Current Sensor
Additional Day Detected for Current Sensor
Elapsed time is 68.610476 seconds.
Patient No. 71 completed.
Elapsed time is 927.599513 seconds.
Patient No. 72 initiated.
Elapsed time is 32.883277 seconds.
Additional Day Detected for Current Sensor
Additional Day Detected for Current Sensor
Additional Day Detected for Current Sensor
Additional Day Detected for Current Sensor
Additional Day Detected for Current Sensor
Additional Day Detected for Current Sensor
Additional Day Detected for Current Sensor
Elapsed time is 62.658480 seconds.
Patient No. 72 completed.
Elapsed time is 891.641452 seconds.
Patient No. 73 initiated.
Elapsed time is 34.559360 seconds.
Additional Day Detected for Current Sensor
Additional Day Detected for Current Sensor
Additional Day Detected for Current Sensor
Additional Day Detected for Current Sensor
Additional Day Detected for Current Sensor
Additional Day Detected for Current Sensor
Additional Day Detected for Current Sensor
Elapsed time is 67.421057 seconds.
Patient No. 73 completed.
Elapsed time is 919.736292 seconds.
matlab
signal_toolbox
wavelet_toolbox
>> matlab exit code: 0
