[STATUS] Loading the stack module. To use original modules run ml original.

Lmod is automatically replacing "intel/18.0" with "gcc/7.4.0".


Inactive Modules:
  1) MARCC/summer-2018     2) centos7     3) openmpi/3.1

Due to MODULEPATH changes, the following have been reloaded:
  1) stack/0.3

[STATUS] Using the stack module. To use original modules run ml original.
[STATUS] Using the stack module. To use original modules run ml original.

Activating Modules:
  1) centos7/default     2) openmpi/3.1.4

[STATUS] Using the stack module. To use original modules run ml original.
[STATUS] Using the stack module. To use original modules run ml original.

The following have been reloaded with a version change:
  1) gdal/2.4.2 => gdal/3.0.1     2) proj/5.2.0 => proj/6.1.0


Currently Loaded Modules:
  1) gcc/7.4.0             34) r-rstudioapi/0.10    67) r-dbi/1.0.0
  2) openmpi/3.1.4         35) r-sessioninfo/1.1.1  68) r-e1071/1.7-2
  3) centos7/default       36) r-testthat/2.2.1     69) r-ellipsis/0.2.0.1
  4) marcc                 37) r-withr/2.1.2        70) r-fansi/0.4.0
  5) stack/0.3             38) r-yaml/2.2.0         71) r-plyr/1.8.4
  6) r/3.6.1               39) r-sys/3.2            72) r-ggplot2/3.2.0
  7) r-assertthat/0.2.1    40) r-r6/2.4.0           73) r-gtable/0.3.0
  8) r-callr/3.3.1         41) r-askpass/1.1        74) r-igraph/1.2.4.1
  9) r-cli/1.1.0           42) r-backports/1.1.4    75) r-kernsmooth/2.23-15
 10) r-rlang/0.4.0         43) r-brew/1.0-6         76) r-lattice/0.20-38
 11) r-crayon/1.3.4        44) r-clipr/0.7.0        77) r-lazyeval/0.2.2
 12) r-rcpp/1.0.2          45) r-clisymbols/1.2.0   78) r-labeling/0.3
 13) r-usethis/1.5.1       46) r-commonmark/1.7     79) r-mass/7.3-51.4
 14) r-fs/1.3.1            47) r-evaluate/0.14      80) r-matrix/1.2-17
 15) libpthread-stubs/0.4  48) r-gh/1.0.1           81) r-mgcv/1.8-28
 16) libpng/1.6.34         49) r-ini/0.3.1          82) r-munsell/0.5.0
 17) r-devtools/2.1.0      50) r-mime/0.7           83) r-nlme/3.1-141
 18) r-stringr/1.4.0       51) r-openssl/1.4.1      84) r-pillar/1.4.2
 19) r-purrr/0.3.2         52) r-praise/1.0.0       85) r-pkgconfig/2.0.2
 20) r-curl/4.0            53) r-prettyunits/1.0.2  86) r-rcolorbrewer/1.1-2
 21) r-magrittr/1.5        54) r-processx/3.4.1     87) r-reshape2/1.4.3
 22) r-glue/1.3.1          55) r-ps/1.3.0           88) r-scales/1.0.0
 23) r-desc/1.2.0          56) r-rprojroot/1.3-2    89) proj/6.1.0
 24) r-digest/0.6.20       57) r-stringi/1.4.3      90) gdal/3.0.1
 25) r-git2r/0.26.1        58) r-whisker/0.3-2      91) r-sf/0.7-7
 26) r-remotes/2.1.0       59) r-xml2/1.2.2         92) r-sp/1.3-1
 27) r-httr/1.4.1          60) r-xopen/1.0.0        93) r-tibble/2.1.3
 28) r-jsonlite/1.6        61) netcdf/4.6.3         94) r-units/0.6-3
 29) r-memoise/1.1.0       62) cuda/9.2.88          95) r-utf8/1.1.4
 30) r-pkgbuild/1.0.4      63) r-rgdal/1.4-4        96) r-vctrs/0.2.0
 31) r-pkgload/1.0.2       64) r-class/7.3-15       97) r-viridislite/0.3.0
 32) r-rcmdcheck/1.3.3     65) r-classint/0.4-1     98) r-zeallot/0.1.0
 33) r-roxygen2/6.1.1      66) r-colorspace/1.4-1

Inactive Modules:
  1) MARCC/summer-2018
── Attaching packages ─────────────────────────────────────── tidyverse 1.3.0 ──
✔ ggplot2 3.3.0     ✔ purrr   0.3.4
✔ tibble  3.0.1     ✔ dplyr   0.8.5
✔ tidyr   1.1.0     ✔ stringr 1.4.0
✔ readr   1.3.1     ✔ forcats 0.5.0
── Conflicts ────────────────────────────────────────── tidyverse_conflicts() ──
✖ dplyr::filter() masks stats::filter()
✖ dplyr::lag()    masks stats::lag()
R.matlab v3.6.2 (2018-09-26) successfully loaded. See ?R.matlab for help.

Attaching package: ‘R.matlab’

The following objects are masked from ‘package:base’:

    getOption, isOpen


Attaching package: ‘plotly’

The following object is masked from ‘package:ggplot2’:

    last_plot

The following object is masked from ‘package:stats’:

    filter

The following object is masked from ‘package:graphics’:

    layout


Attaching package: ‘MASS’

The following object is masked from ‘package:plotly’:

    select

The following object is masked from ‘package:dplyr’:

    select

Loading required package: Matrix

Attaching package: ‘Matrix’

The following objects are masked from ‘package:tidyr’:

    expand, pack, unpack

Loaded glmnet 4.0
Loading required package: lattice

Attaching package: ‘caret’

The following object is masked from ‘package:purrr’:

    lift


Attaching package: ‘keras’

The following object is masked from ‘package:R.matlab’:

    evaluate


Attaching package: ‘kernlab’

The following object is masked from ‘package:purrr’:

    cross

The following object is masked from ‘package:ggplot2’:

    alpha

Type 'citation("pROC")' for a citation.

Attaching package: ‘pROC’

The following objects are masked from ‘package:stats’:

    cov, smooth, var


Attaching package: ‘gridExtra’

The following object is masked from ‘package:dplyr’:

    combine


********************************************************
Note: As of version 1.0.0, cowplot does not change the
  default ggplot2 theme anymore. To recover the previous
  behavior, execute:
  theme_set(theme_cowplot())
********************************************************


Attaching package: ‘cutpointr’

The following objects are masked from ‘package:pROC’:

    auc, roc

The following objects are masked from ‘package:caret’:

    precision, recall, sensitivity, specificity


Attaching package: ‘precrec’

The following object is masked from ‘package:cutpointr’:

    auc

The following object is masked from ‘package:pROC’:

    auc


Attaching package: ‘reshape2’

The following object is masked from ‘package:tidyr’:

    smiths


Attaching package: ‘MLmetrics’

The following objects are masked from ‘package:caret’:

    MAE, RMSE

The following object is masked from ‘package:base’:

    Recall

Registered S3 method overwritten by 'quantmod':
  method            from
  as.zoo.data.frame zoo 
Loading required package: foreach

Attaching package: ‘foreach’

The following objects are masked from ‘package:purrr’:

    accumulate, when

Loading required package: iterators
[1] "Label: fav_mort_dis initiated ..."
[1] "Fold no. 1 initiated ..."
[1] "Training of adaboost initiated ..."
slurmstepd: error: *** JOB 45170962 ON compute0065 CANCELLED AT 2020-06-26T02:48:11 DUE TO TIME LIMIT ***
