
Currently Loaded Modules:
  1) centos7/current   3) openmpi/3.1         5) matlab/R2019a
  2) intel/18.0        4) MARCC/summer-2018

                            < M A T L A B (R) >
                  Copyright 1984-2019 The MathWorks, Inc.
                  R2019a (9.6.0.1072779) 64-bit (glnxa64)
                               March 8, 2019

 
For online documentation, see https://www.mathworks.com/support
For product information, visit www.mathworks.com.
 
{Error using cd
Cannot CD to /home-4/sbhatt15@jhu.edu/work/bims/scripts (Name is nonexistent or
not a directory).
} 
>> [Warning: Unable to create preferences folder in
/home-4/sbhatt15@jhu.edu/.matlab/R2019a. Preferences folder location must be
writable. Using a temporary preferences folder for this MATLAB session. See the
<a href="matlab: helpview([docroot
'/matlab/helptargets.map'],'matlabenvironment_prefdir_location')">preferences
documentation</a> for more details.] 
Could not create on-disk crash report: failed opening file: No such file or directory: iostream error

--------------------------------------------------------------------------------
       Segmentation violation detected at Thu May 21 10:29:09 2020 -0400
--------------------------------------------------------------------------------

Configuration:
  Crash Decoding           : Disabled - No sandbox or build area path
  Crash Mode               : continue (default)
  Default Encoding         : US-ASCII
  Deployed                 : false
  GNU C Library            : 2.17 stable
  MATLAB Architecture      : glnxa64
  MATLAB Entitlement ID    : 1325049
  MATLAB Root              : /software/apps/matlab/R2019a
  MATLAB Version           : 9.6.0.1072779 (R2019a)
  Operating System         : "CentOS Linux release 7.6.1810 (Core) "
  Process ID               : 48452
  Processor ID             : x86 Family 6 Model 62 Stepping 7, GenuineIntel
  Session Key              : 8676e994-1268-422d-aff7-86d2034f77a4
  Static TLS mitigation    : Disabled: Unable to open display
  Window System            : No active display

Fault Count: 1


Abnormal termination:
Segmentation violation

Register State (from fault):
  RAX = 0000000000000006  RBX = 0000000000000000
  RCX = 0000000062616c74  RDX = 00002af0d41fc9c0
  RSP = 00002af0d41fc760  RBP = 00002af0d41fcaf0
  RSI = 00002af0dc04c126  RDI = 00002af0d41fc9c6

   R8 = 0000000000000000   R9 = 0000000000000000
  R10 = 00002af0dc057a70  R11 = 00002af0aaee4ea0
  R12 = 0000000000000000  R13 = 00002af0dc04c110
  R14 = 00002af0d41fc9b0  R15 = 00002af0d41fc9c0

  RIP = 00002af0aea241a0  EFL = 0000000000010202

   CS = 0033   FS = 0000   GS = 0000

Stack Trace (from fault):
[  0] 0x00002af0aea241a0 /software/apps/matlab/R2019a/bin/glnxa64/libmwsettingscore.so+01647008
[  1] 0x00002af0c782a83e /software/apps/matlab/R2019a/bin/glnxa64/ddux/ddux_impl/mwddux_impl.so+00780350
[  2] 0x00002af0c78311a9 /software/apps/matlab/R2019a/bin/glnxa64/ddux/ddux_impl/mwddux_impl.so+00807337
[  3] 0x00002af0c782ff67 /software/apps/matlab/R2019a/bin/glnxa64/ddux/ddux_impl/mwddux_impl.so+00802663
[  4] 0x00002af0c7835a6c /software/apps/matlab/R2019a/bin/glnxa64/ddux/ddux_impl/mwddux_impl.so+00825964
[  5] 0x00002af0c79a6854 /software/apps/matlab/R2019a/bin/glnxa64/ddux/ddux_impl/../../../../bin/glnxa64/libmwflhttpclient.so+00141396
[  6] 0x00002af0c79a0d38 /software/apps/matlab/R2019a/bin/glnxa64/ddux/ddux_impl/../../../../bin/glnxa64/libmwflhttpclient.so+00118072
[  7] 0x00002af0c799b2fe /software/apps/matlab/R2019a/bin/glnxa64/ddux/ddux_impl/../../../../bin/glnxa64/libmwflhttpclient.so+00094974
[  8] 0x00002af0c799bb70 /software/apps/matlab/R2019a/bin/glnxa64/ddux/ddux_impl/../../../../bin/glnxa64/libmwflhttpclient.so+00097136
[  9] 0x00002af0c799bc49 /software/apps/matlab/R2019a/bin/glnxa64/ddux/ddux_impl/../../../../bin/glnxa64/libmwflhttpclient.so+00097353 _ZNK10foundation10httpclient16WebServiceClient3GETERKNSt7__cxx1112basic_stringIcSt11char_traitsIcESaIcEEERKSt3mapIS8_S8_St4lessIS8_ESaISt4pairIS8_S8_EEESI_St8functionIFviRSiEE+00000105
[ 10] 0x00002af0c78379c3 /software/apps/matlab/R2019a/bin/glnxa64/ddux/ddux_impl/mwddux_impl.so+00833987
[ 11] 0x00002af0c77ff301 /software/apps/matlab/R2019a/bin/glnxa64/ddux/ddux_impl/mwddux_impl.so+00602881
[ 12] 0x00002af0c77e25a8 /software/apps/matlab/R2019a/bin/glnxa64/ddux/ddux_impl/mwddux_impl.so+00484776
[ 13] 0x00002af0c77f242a /software/apps/matlab/R2019a/bin/glnxa64/ddux/ddux_impl/mwddux_impl.so+00549930
[ 14] 0x00002af0c77ea90a /software/apps/matlab/R2019a/bin/glnxa64/ddux/ddux_impl/mwddux_impl.so+00518410
[ 15] 0x00002af0ac79e7ad /software/apps/matlab/R2019a/bin/glnxa64/libmwms.so+02697133
[ 16] 0x00002af0c77ea586 /software/apps/matlab/R2019a/bin/glnxa64/ddux/ddux_impl/mwddux_impl.so+00517510
[ 17] 0x00002af0ab556bdd /software/apps/matlab/R2019a/bin/glnxa64/libmwboost_thread.so.1.65.1+00080861
[ 18] 0x00002af0aa5aae25                         /usr/lib64/libpthread.so.0+00032293
[ 19] 0x00002af0aae55bad                               /usr/lib64/libc.so.6+01043373 clone+00000109
[ 20] 0x0000000000000000                                   <unknown-module>+00000000




MATLAB is exiting because of fatal error
/var/spool/slurm//job44507671/slurm_script: line 18: 48452 Killed                  matlab -nodisplay -nojvm -nosplash -nodesktop -r "cd('~/work/bims/scripts/'); master02_tod_motion_feature_extraction;"
matlab exit code: 137
