
Currently Loaded Modules:
  1) centos7/current   3) openmpi/3.1         5) matlab/R2019b-v2
  2) intel/18.0        4) MARCC/summer-2018

                            < M A T L A B (R) >
                  Copyright 1984-2019 The MathWorks, Inc.
                  R2019b (9.7.0.1190202) 64-bit (glnxa64)
                              August 21, 2019

 
For online documentation, see https://www.mathworks.com/support
For product information, visit www.mathworks.com.
 
Elapsed time is 3.290631 seconds.
Patient No. 58 initiated.
Elapsed time is 37.907502 seconds.
Additional Day Detected for Current Sensor
Additional Day Detected for Current Sensor
Additional Day Detected for Current Sensor
Additional Day Detected for Current Sensor
Additional Day Detected for Current Sensor
Additional Day Detected for Current Sensor
Additional Day Detected for Current Sensor
Elapsed time is 78.841997 seconds.
Patient No. 58 completed.
Elapsed time is 3409.024417 seconds.
Patient No. 66 initiated.
Elapsed time is 36.301617 seconds.
Additional Day Detected for Current Sensor
Additional Day Detected for Current Sensor
Additional Day Detected for Current Sensor
Additional Day Detected for Current Sensor
Additional Day Detected for Current Sensor
Additional Day Detected for Current Sensor
Additional Day Detected for Current Sensor
Elapsed time is 71.620726 seconds.
Patient No. 66 completed.
Elapsed time is 3088.491735 seconds.
Patient No. 69 initiated.
Elapsed time is 38.541973 seconds.
Additional Day Detected for Current Sensor
Additional Day Detected for Current Sensor
Additional Day Detected for Current Sensor
Additional Day Detected for Current Sensor
Additional Day Detected for Current Sensor
Additional Day Detected for Current Sensor
Additional Day Detected for Current Sensor
Elapsed time is 71.328770 seconds.
Patient No. 69 completed.
Elapsed time is 3037.418171 seconds.
Patient No. 70 initiated.
Elapsed time is 38.002931 seconds.
Additional Day Detected for Current Sensor
Additional Day Detected for Current Sensor
Additional Day Detected for Current Sensor
Additional Day Detected for Current Sensor
Additional Day Detected for Current Sensor
Additional Day Detected for Current Sensor
Additional Day Detected for Current Sensor
Elapsed time is 74.343930 seconds.
Patient No. 70 completed.
Elapsed time is 3121.513918 seconds.
Patient No. 71 initiated.
Elapsed time is 36.146166 seconds.
Additional Day Detected for Current Sensor
Additional Day Detected for Current Sensor
Additional Day Detected for Current Sensor
Additional Day Detected for Current Sensor
Additional Day Detected for Current Sensor
Additional Day Detected for Current Sensor
Additional Day Detected for Current Sensor
Elapsed time is 69.327685 seconds.
Patient No. 71 completed.
Elapsed time is 2977.775949 seconds.
Patient No. 72 initiated.
Elapsed time is 33.677505 seconds.
Additional Day Detected for Current Sensor
Additional Day Detected for Current Sensor
Additional Day Detected for Current Sensor
Additional Day Detected for Current Sensor
Additional Day Detected for Current Sensor
Additional Day Detected for Current Sensor
Additional Day Detected for Current Sensor
Elapsed time is 63.501118 seconds.
Patient No. 72 completed.
Elapsed time is 2587.923260 seconds.
matlab
signal_toolbox
wavelet_toolbox
>> matlab exit code: 0
