[STATUS] Using the stack module. To use original modules run ml original.
[STATUS] Using the stack module. To use original modules run ml original.

Currently Loaded Modules:
  1) gcc/7.4.0             21) r-magrittr/1.5       41) r-askpass/1.1
  2) openmpi/3.1.4         22) r-glue/1.3.1         42) r-backports/1.1.4
  3) centos7/default       23) r-desc/1.2.0         43) r-brew/1.0-6
  4) marcc                 24) r-digest/0.6.20      44) r-clipr/0.7.0
  5) libpthread-stubs/0.4  25) r-git2r/0.26.1       45) r-clisymbols/1.2.0
  6) libpng/1.6.34         26) r-remotes/2.1.0      46) r-commonmark/1.7
  7) stack/0.3             27) r-httr/1.4.1         47) r-evaluate/0.14
  8) r/3.6.1               28) r-jsonlite/1.6       48) r-gh/1.0.1
  9) r-assertthat/0.2.1    29) r-memoise/1.1.0      49) r-ini/0.3.1
 10) r-callr/3.3.1         30) r-pkgbuild/1.0.4     50) r-mime/0.7
 11) r-cli/1.1.0           31) r-pkgload/1.0.2      51) r-openssl/1.4.1
 12) r-rlang/0.4.0         32) r-rcmdcheck/1.3.3    52) r-praise/1.0.0
 13) r-crayon/1.3.4        33) r-roxygen2/6.1.1     53) r-prettyunits/1.0.2
 14) r-rcpp/1.0.2          34) r-rstudioapi/0.10    54) r-processx/3.4.1
 15) r-usethis/1.5.1       35) r-sessioninfo/1.1.1  55) r-ps/1.3.0
 16) r-fs/1.3.1            36) r-testthat/2.2.1     56) r-rprojroot/1.3-2
 17) r-devtools/2.1.0      37) r-withr/2.1.2        57) r-stringi/1.4.3
 18) r-stringr/1.4.0       38) r-yaml/2.2.0         58) r-whisker/0.3-2
 19) r-purrr/0.3.2         39) r-sys/3.2            59) r-xml2/1.2.2
 20) r-curl/4.0            40) r-r6/2.4.0           60) r-xopen/1.0.0

Inactive Modules:
  1) MARCC/summer-2018
During startup - Warning messages:
1: Setting LC_CTYPE failed, using "C" 
2: Setting LC_COLLATE failed, using "C" 
3: Setting LC_TIME failed, using "C" 
4: Setting LC_MESSAGES failed, using "C" 
5: Setting LC_MONETARY failed, using "C" 
6: Setting LC_PAPER failed, using "C" 
7: Setting LC_MEASUREMENT failed, using "C" 
Loading required package: lolR
R.matlab v3.6.2 (2018-09-26) successfully loaded. See ?R.matlab for help.

Attaching package: 'R.matlab'

The following objects are masked from 'package:base':

    getOption, isOpen

Loading required package: ggplot2

Attaching package: 'plotly'

The following object is masked from 'package:ggplot2':

    last_plot

The following object is masked from 'package:stats':

    filter

The following object is masked from 'package:graphics':

    layout


Attaching package: 'MASS'

The following object is masked from 'package:plotly':

    select

-- Attaching packages --------------------------------------- tidyverse 1.3.0 --
v tibble  3.0.1     v dplyr   0.8.5
v tidyr   1.1.0     v stringr 1.4.0
v readr   1.3.1     v forcats 0.5.0
v purrr   0.3.4     
-- Conflicts ------------------------------------------ tidyverse_conflicts() --
x dplyr::filter() masks plotly::filter(), stats::filter()
x dplyr::lag()    masks stats::lag()
x dplyr::select() masks MASS::select(), plotly::select()
Loading required package: Matrix

Attaching package: 'Matrix'

The following objects are masked from 'package:tidyr':

    expand, pack, unpack

Loaded glmnet 4.0
Loading required package: lattice

Attaching package: 'caret'

The following object is masked from 'package:purrr':

    lift


Attaching package: 'kernlab'

The following object is masked from 'package:purrr':

    cross

The following object is masked from 'package:ggplot2':

    alpha

Loading required package: ROCR
Loading required package: data.table

Attaching package: 'data.table'

The following objects are masked from 'package:dplyr':

    between, first, last

The following object is masked from 'package:purrr':

    transpose

 
cvAUC version: 1.1.0
Notice to cvAUC users: Major speed improvements in version 1.1.0
 

Attaching package: 'gridExtra'

The following object is masked from 'package:dplyr':

    combine


********************************************************
Note: As of version 1.0.0, cowplot does not change the
  default ggplot2 theme anymore. To recover the previous
  behavior, execute:
  theme_set(theme_cowplot())
********************************************************


Attaching package: 'cutpointr'

The following objects are masked from 'package:caret':

    precision, recall, sensitivity, specificity

Loading required package: foreach

Attaching package: 'foreach'

The following objects are masked from 'package:purrr':

    accumulate, when

Loading required package: iterators
Error in { : task 1 failed - "unused argument (verbose = FALSE)"
Calls: classification_function ... train.default -> nominalTrainWorkflow -> %op% -> <Anonymous>
Execution halted
